E:/go-test/src/ablog/main.go:23: xxxxx
E:/go-test/src/ablog/main.go:20: xxxxx
E:/go-test/src/ablog/main.go:20: xxx454543xx
E:/go-test/src/ablog/helpers/setgin.go:24: E:\go-test\src\ablog\views\views\**\*
E:/go-test/src/ablog/helpers/setgin.go:24: E:\go-test\src\ablog\views\**\*
E:/go-test/src/ablog/helpers/setgin.go:24: E:\go-test\src\ablog\views\**\*
E:/go-test/src/ablog/helpers/setgin.go:24: E:\go-test\src\ablog\views\**\*
E:/go-test/src/ablog/main.go:23: xxx454543xx
E:/go-test/src/ablog/helpers/setgin.go:24: E:\go-test\src\ablog\views\**\*
E:/go-test/src/ablog/main.go:26: 啊啊啊啊啊啊啊啊
E:/go-test/src/ablog/helpers/setgin.go:24: E:\go-test\src\ablog\views\**\*
E:/go-test/src/ablog/main.go:26: test
E:/go-test/src/ablog/helpers/setgin.go:24: E:\go-test\src\ablog\views\**\*
E:/go-test/src/ablog/main.go:26: test
E:/go-test/src/ablog/helpers/setgin.go:24: E:\go-test\src\ablog\views\**\*
E:/go-test/src/ablog/main.go:26: test
E:/go-test/src/ablog/helpers/setgin.go:24: E:\go-test\src\ablog\views\**\*
E:/go-test/src/ablog/main.go:26: test
E:/go-test/src/ablog/helpers/setgin.go:24: E:\go-test\src\ablog\views\**\*
E:/go-test/src/ablog/main.go:26: test
E:/go-test/src/ablog/helpers/setgin.go:24: E:\go-test\src\ablog\views\**\*
E:/go-test/src/ablog/main.go:26: test
E:/go-test/src/ablog/helpers/setgin.go:24: ablog\views\**\*
E:/go-test/src/ablog/helpers/setgin.go:24: E:\go-test\src\ablog\views\**\*
E:/go-test/src/ablog/main.go:26: test
E:/go-test/src/ablog/helpers/setgin.go:24: E:\go-test\src\ablog\views\**\*
E:/go-test/src/ablog/main.go:26: test
E:/go-test/src/ablog/helpers/setgin.go:24: E:\go-test\src\ablog\views\**\*
E:/go-test/src/ablog/main.go:26: test
E:/go-test/src/ablog/helpers/setgin.go:24: E:\go-test\src\ablog\views\**\*
E:/go-test/src/ablog/main.go:26: test
E:/go-test/src/ablog/helpers/setgin.go:24: E:\go-test\src\ablog\views\**\*
E:/go-test/src/ablog/main.go:26: test
E:/go-test/src/ablog/helpers/setgin.go:24: E:\go-test\src\ablog\views\**\*
E:/go-test/src/ablog/main.go:26: test
E:/go-test/src/ablog/helpers/setgin.go:24: E:\go-test\src\ablog\views\**\*
E:/go-test/src/ablog/main.go:26: test
E:/go-test/src/ablog/helpers/setgin.go:24: E:\go-test\src\ablog\views\**\*
E:/go-test/src/ablog/main.go:26: test
E:/go-test/src/ablog/helpers/setgin.go:24: E:\go-test\src\ablog\views\**\*
E:/go-test/src/ablog/main.go:27: test
E:/go-test/src/ablog/helpers/setgin.go:24: E:\go-test\src\ablog\views\**\*
E:/go-test/src/ablog/main.go:27: test
E:/go-test/src/ablog/helpers/setgin.go:24: E:\go-test\src\ablog\views\**\*
E:/go-test/src/ablog/main.go:27: test
E:/go-test/src/ablog/helpers/setgin.go:24: E:\go-test\src\ablog\views\**\*
E:/go-test/src/ablog/main.go:27: test
